::1 - - [25/Sep/2018:07:35:06 +0000] "GET / HTTP/1.1" 200 221
::1 - - [25/Sep/2018:07:35:07 +0000] "GET /stylesheets/style.css HTTP/1.1" 200 111
::1 - - [16/Oct/2018:15:04:36 +0000] "GET /favicon.ico HTTP/1.1" 404 -
::1 - - [16/Oct/2018:15:07:40 +0000] "GET / HTTP/1.1" 200 149
::1 - - [16/Oct/2018:15:07:40 +0000] "GET /stylesheets/style.css HTTP/1.1" 200 111
::1 - - [16/Oct/2018:15:07:40 +0000] "GET /favicon.ico HTTP/1.1" 404 -
::1 - - [16/Oct/2018:15:11:44 +0000] "GET / HTTP/1.1" 200 179
::1 - - [16/Oct/2018:15:11:44 +0000] "GET /stylesheets/style.css HTTP/1.1" 304 -
::1 - - [16/Oct/2018:15:12:06 +0000] "GET / HTTP/1.1" 304 -
::1 - - [16/Oct/2018:15:12:06 +0000] "GET /stylesheets/style.css HTTP/1.1" 304 -
::1 - - [16/Oct/2018:15:12:10 +0000] "GET /te HTTP/1.1" 404 -
::1 - - [16/Oct/2018:15:15:15 +0000] "GET / HTTP/1.1" 304 -
::1 - - [16/Oct/2018:15:15:15 +0000] "GET /stylesheets/style.css HTTP/1.1" 304 -
::1 - - [16/Oct/2018:15:15:44 +0000] "GET / HTTP/1.1" 304 -
::1 - - [16/Oct/2018:15:15:44 +0000] "GET /stylesheets/style.css HTTP/1.1" 304 -
::1 - - [16/Oct/2018:15:18:09 +0000] "GET /d HTTP/1.1" 500 14
::1 - - [16/Oct/2018:15:18:14 +0000] "GET / HTTP/1.1" 304 -
::1 - - [16/Oct/2018:15:18:14 +0000] "GET /stylesheets/style.css HTTP/1.1" 304 -
::1 - - [17/Oct/2018:12:54:51 +0000] "GET / HTTP/1.1" 304 -
::1 - - [17/Oct/2018:12:54:52 +0000] "GET /stylesheets/style.css HTTP/1.1" 304 -
::1 - - [17/Oct/2018:12:54:52 +0000] "GET /favicon.ico HTTP/1.1" 500 14
::1 - - [17/Oct/2018:12:54:59 +0000] "POST /login HTTP/1.1" 500 -
::1 - - [17/Oct/2018:12:56:51 +0000] "POST /login HTTP/1.1" 200 48
::1 - - [17/Oct/2018:12:56:55 +0000] "POST /login HTTP/1.1" 200 48
::1 - - [17/Oct/2018:12:57:17 +0000] "POST /login HTTP/1.1" 200 155
::1 - - [17/Oct/2018:12:57:22 +0000] "POST /login HTTP/1.1" 200 155
::1 - - [17/Oct/2018:12:57:24 +0000] "POST /login HTTP/1.1" 200 155
::1 - - [17/Oct/2018:12:57:25 +0000] "POST /login HTTP/1.1" 200 155
::1 - - [17/Oct/2018:12:57:26 +0000] "POST /login HTTP/1.1" 200 155
::1 - - [17/Oct/2018:12:57:26 +0000] "POST /login HTTP/1.1" 200 155
::1 - - [17/Oct/2018:12:57:26 +0000] "POST /login HTTP/1.1" 200 155
::1 - - [17/Oct/2018:12:57:27 +0000] "POST /login HTTP/1.1" 200 155
::1 - - [17/Oct/2018:12:57:27 +0000] "POST /login HTTP/1.1" 200 155
::1 - - [17/Oct/2018:12:57:27 +0000] "POST /login HTTP/1.1" 200 155
::1 - - [17/Oct/2018:12:57:28 +0000] "POST /login HTTP/1.1" 200 155
::1 - - [17/Oct/2018:12:57:28 +0000] "POST /login HTTP/1.1" 200 155
::1 - - [17/Oct/2018:12:57:29 +0000] "POST /login HTTP/1.1" 200 155
::1 - - [17/Oct/2018:12:57:30 +0000] "POST /login HTTP/1.1" 200 155
::1 - - [17/Oct/2018:12:58:13 +0000] "POST /login HTTP/1.1" 200 155
::1 - - [17/Oct/2018:12:58:34 +0000] "POST /login HTTP/1.1" 200 155
::1 - - [17/Oct/2018:12:59:56 +0000] "POST /login HTTP/1.1" 200 155
::1 - - [17/Oct/2018:13:00:10 +0000] "POST /login HTTP/1.1" 200 155
::1 - - [17/Oct/2018:13:00:32 +0000] "POST /login HTTP/1.1" 200 155
::1 - - [17/Oct/2018:13:00:41 +0000] "POST /login HTTP/1.1" 200 155
::1 - - [17/Oct/2018:13:02:19 +0000] "POST /login HTTP/1.1" 200 141
::1 - - [17/Oct/2018:13:02:27 +0000] "POST /login HTTP/1.1" 200 141
::1 - - [17/Oct/2018:13:02:33 +0000] "POST /login HTTP/1.1" 200 141
::1 - - [17/Oct/2018:13:02:59 +0000] "POST /login HTTP/1.1" 200 141
::1 - - [17/Oct/2018:13:03:06 +0000] "POST /login HTTP/1.1" 200 141
::1 - - [17/Oct/2018:13:03:44 +0000] "POST /login HTTP/1.1" 200 141
::1 - - [20/Oct/2018:13:11:31 +0000] "GET / HTTP/1.1" 304 -
::1 - - [20/Oct/2018:13:11:31 +0000] "GET /test1 HTTP/1.1" 200 153
::1 - - [20/Oct/2018:13:11:31 +0000] "GET / HTTP/1.1" 200 179
::1 - - [20/Oct/2018:13:11:31 +0000] "GET /favicon.ico HTTP/1.1" 500 14
::1 - - [20/Oct/2018:13:11:31 +0000] "GET /stylesheets/style.css HTTP/1.1" 304 -
::1 - - [20/Oct/2018:13:11:32 +0000] "GET /favicon.ico HTTP/1.1" 500 14
::1 - - [20/Oct/2018:13:11:41 +0000] "GET /test1 HTTP/1.1" 304 -
::1 - - [20/Oct/2018:13:11:42 +0000] "GET /favicon.ico HTTP/1.1" 500 14
::1 - - [20/Oct/2018:13:11:44 +0000] "GET /test1 HTTP/1.1" 200 153
::1 - - [20/Oct/2018:13:11:44 +0000] "GET /favicon.ico HTTP/1.1" 500 14
::1 - - [20/Oct/2018:13:11:50 +0000] "GET /test1 HTTP/1.1" 200 153
::1 - - [20/Oct/2018:13:11:50 +0000] "GET /favicon.ico HTTP/1.1" 500 14
::1 - - [20/Oct/2018:13:12:15 +0000] "GET /test2 HTTP/1.1" 500 14
::1 - - [20/Oct/2018:13:12:15 +0000] "GET /favicon.ico HTTP/1.1" 500 14
::1 - - [20/Oct/2018:13:12:20 +0000] "GET /test2 HTTP/1.1" 500 14
::1 - - [20/Oct/2018:13:12:20 +0000] "GET /favicon.ico HTTP/1.1" 500 14
::1 - - [20/Oct/2018:13:12:24 +0000] "GET /test2 HTTP/1.1" 500 14
::1 - - [20/Oct/2018:13:12:24 +0000] "GET /favicon.ico HTTP/1.1" 500 14
::1 - - [20/Oct/2018:13:12:27 +0000] "GET /test1 HTTP/1.1" 200 153
::1 - - [20/Oct/2018:13:12:27 +0000] "GET /favicon.ico HTTP/1.1" 500 14
::1 - - [20/Oct/2018:13:12:55 +0000] "GET /test1 HTTP/1.1" 200 153
::1 - - [20/Oct/2018:13:12:55 +0000] "GET /favicon.ico HTTP/1.1" 500 14
::1 - - [20/Oct/2018:13:12:57 +0000] "GET /test1 HTTP/1.1" 200 153
::1 - - [20/Oct/2018:13:12:57 +0000] "GET /favicon.ico HTTP/1.1" 500 14
::1 - - [20/Oct/2018:13:13:00 +0000] "GET /test2 HTTP/1.1" 200 153
::1 - - [20/Oct/2018:13:13:00 +0000] "GET /favicon.ico HTTP/1.1" 500 14
::1 - - [20/Oct/2018:13:13:03 +0000] "GET /test2 HTTP/1.1" 200 153
::1 - - [20/Oct/2018:13:13:03 +0000] "GET /favicon.ico HTTP/1.1" 500 14
::1 - - [20/Oct/2018:13:13:18 +0000] "GET /test2 HTTP/1.1" 200 153
::1 - - [20/Oct/2018:13:13:18 +0000] "GET /favicon.ico HTTP/1.1" 500 14
::1 - - [20/Oct/2018:13:13:54 +0000] "GET /test2 HTTP/1.1" 200 153
::1 - - [20/Oct/2018:13:13:54 +0000] "GET /favicon.ico HTTP/1.1" 500 14
::1 - - [20/Oct/2018:13:17:30 +0000] "GET /test1 HTTP/1.1" 200 153
::1 - - [20/Oct/2018:13:17:30 +0000] "GET /favicon.ico HTTP/1.1" 500 14
::1 - - [20/Oct/2018:13:17:34 +0000] "GET /test1 HTTP/1.1" 200 153
::1 - - [20/Oct/2018:13:17:34 +0000] "GET /favicon.ico HTTP/1.1" 500 14
::1 - - [20/Oct/2018:13:17:58 +0000] "GET /test1 HTTP/1.1" 200 153
::1 - - [20/Oct/2018:13:17:58 +0000] "GET /favicon.ico HTTP/1.1" 500 14
::1 - - [20/Oct/2018:13:18:09 +0000] "GET /test2 HTTP/1.1" 200 153
::1 - - [20/Oct/2018:13:18:10 +0000] "GET /favicon.ico HTTP/1.1" 500 14
::1 - - [20/Oct/2018:13:18:20 +0000] "GET /test1 HTTP/1.1" 200 153
::1 - - [20/Oct/2018:13:18:20 +0000] "GET /favicon.ico HTTP/1.1" 500 14
::1 - - [20/Oct/2018:13:18:23 +0000] "GET /test1 HTTP/1.1" 200 153
::1 - - [20/Oct/2018:13:18:23 +0000] "GET /favicon.ico HTTP/1.1" 500 14
::1 - - [20/Oct/2018:13:19:07 +0000] "GET /test1 HTTP/1.1" 200 153
::1 - - [20/Oct/2018:13:19:07 +0000] "GET /favicon.ico HTTP/1.1" 500 14
::1 - - [20/Oct/2018:14:09:52 +0000] "POST /signup HTTP/1.1" 200 70
::1 - - [20/Oct/2018:14:10:04 +0000] "POST /signup HTTP/1.1" 200 63
::1 - - [20/Oct/2018:14:11:37 +0000] "POST /signup HTTP/1.1" 500 -
::1 - - [20/Oct/2018:14:14:47 +0000] "POST /signup HTTP/1.1" - -
::1 - - [20/Oct/2018:14:15:27 +0000] "POST /signup HTTP/1.1" - -
::1 - - [20/Oct/2018:14:18:29 +0000] "POST /signup HTTP/1.1" 200 75
::1 - - [20/Oct/2018:14:18:55 +0000] "POST /signup HTTP/1.1" 200 62
::1 - - [20/Oct/2018:14:46:16 +0000] "POST /signup HTTP/1.1" 200 125
::1 - - [20/Oct/2018:14:50:07 +0000] "POST /signup HTTP/1.1" 200 123
::1 - - [20/Oct/2018:14:51:21 +0000] "POST /signup HTTP/1.1" 200 62
::1 - - [20/Oct/2018:14:51:41 +0000] "POST /signup HTTP/1.1" 200 123
::1 - - [21/Oct/2018:06:27:37 +0000] "POST /signup HTTP/1.1" 200 125
::1 - - [21/Oct/2018:06:27:55 +0000] "POST /signup HTTP/1.1" 200 62
::1 - - [21/Oct/2018:06:28:30 +0000] "POST /signup HTTP/1.1" 200 123
::1 - - [21/Oct/2018:06:30:46 +0000] "POST /activateAccount HTTP/1.1" 200 71
::1 - - [21/Oct/2018:06:32:01 +0000] "POST /login HTTP/1.1" 200 58
::1 - - [21/Oct/2018:06:32:09 +0000] "POST /login HTTP/1.1" 200 58
::1 - - [21/Oct/2018:06:32:43 +0000] "POST /login HTTP/1.1" 200 58
::1 - - [21/Oct/2018:06:34:59 +0000] "POST /login HTTP/1.1" 200 58
::1 - - [21/Oct/2018:06:35:24 +0000] "POST /login HTTP/1.1" 200 58
::1 - - [21/Oct/2018:06:36:26 +0000] "POST /login HTTP/1.1" 200 65
::1 - - [21/Oct/2018:06:36:37 +0000] "POST /login HTTP/1.1" 200 65
::1 - - [21/Oct/2018:06:36:44 +0000] "POST /login HTTP/1.1" 200 273
::1 - - [21/Oct/2018:06:48:54 +0000] "POST /activateAccount HTTP/1.1" 500 -
::1 - - [21/Oct/2018:06:49:25 +0000] "POST /activateAccount HTTP/1.1" 200 71
::1 - - [21/Oct/2018:06:51:37 +0000] "POST /activateAccount HTTP/1.1" - -
::1 - - [21/Oct/2018:06:52:30 +0000] "POST /activateAccount HTTP/1.1" 200 71
::1 - - [21/Oct/2018:06:52:39 +0000] "POST /activateAccount HTTP/1.1" 500 -
::1 - - [21/Oct/2018:06:53:46 +0000] "POST /activateAccount HTTP/1.1" 200 56
::1 - - [21/Oct/2018:06:53:48 +0000] "POST /activateAccount HTTP/1.1" 200 56
::1 - - [21/Oct/2018:06:54:09 +0000] "POST /activateAccount HTTP/1.1" 200 71
::1 - - [21/Oct/2018:07:03:14 +0000] "GET /test1 HTTP/1.1" 500 14
::1 - - [21/Oct/2018:07:03:30 +0000] "GET /testMail HTTP/1.1" 200 61
::1 - - [21/Oct/2018:07:03:31 +0000] "GET /favicon.ico HTTP/1.1" 500 14
::1 - - [21/Oct/2018:07:11:23 +0000] "POST /addUpdateTicket HTTP/1.1" 200 56
::1 - - [21/Oct/2018:07:11:26 +0000] "POST /addUpdateTicket HTTP/1.1" 200 56
::1 - - [21/Oct/2018:07:11:47 +0000] "POST /addUpdateTicket HTTP/1.1" 200 133
::1 - - [22/Oct/2018:14:42:49 +0000] "POST /login HTTP/1.1" 200 297
::1 - - [22/Oct/2018:14:43:11 +0000] "POST /getTicketTypes HTTP/1.1" 200 135
::1 - - [22/Oct/2018:14:43:47 +0000] "POST /getTicketTypes HTTP/1.1" 200 461
::1 - - [23/Oct/2018:16:39:49 +0000] "POST /getTicketTypes HTTP/1.1" 200 56
::1 - - [23/Oct/2018:16:39:54 +0000] "POST /login HTTP/1.1" 200 65
::1 - - [23/Oct/2018:16:40:27 +0000] "POST /signup HTTP/1.1" 200 123
::1 - - [23/Oct/2018:16:40:53 +0000] "POST /login HTTP/1.1" 200 70
::1 - - [23/Oct/2018:16:41:15 +0000] "POST /login HTTP/1.1" 200 297
::1 - - [23/Oct/2018:16:46:03 +0000] "POST /addUpdateTicket HTTP/1.1" 200 61
::1 - - [23/Oct/2018:16:47:28 +0000] "POST /addUpdateTicket HTTP/1.1" 200 70
::1 - - [23/Oct/2018:16:47:54 +0000] "POST /addUpdateTicket HTTP/1.1" 200 70
::1 - - [23/Oct/2018:16:54:58 +0000] "POST /addUpdateTicket HTTP/1.1" 200 192
::1 - - [23/Oct/2018:16:59:44 +0000] "POST /addUpdateTicket HTTP/1.1" 200 193
::1 - - [23/Oct/2018:17:02:19 +0000] "POST /addUpdateTicket HTTP/1.1" 200 193
::1 - - [23/Oct/2018:17:03:18 +0000] "POST /addUpdateTicket HTTP/1.1" 200 193
::1 - - [23/Oct/2018:17:03:54 +0000] "POST /addUpdateTicket HTTP/1.1" 200 193
::1 - - [23/Oct/2018:17:04:37 +0000] "POST /addUpdateTicket HTTP/1.1" 200 193
::1 - - [23/Oct/2018:17:05:11 +0000] "POST /addUpdateTicket HTTP/1.1" 200 193
::1 - - [23/Oct/2018:17:07:08 +0000] "POST /addUpdateTicket HTTP/1.1" 200 192
::1 - - [25/Oct/2018:10:46:28 +0000] "POST /login HTTP/1.1" 200 65
::1 - - [25/Oct/2018:10:46:36 +0000] "POST /login HTTP/1.1" 200 65
::1 - - [25/Oct/2018:10:46:47 +0000] "POST /login HTTP/1.1" 200 65
::1 - - [25/Oct/2018:10:46:50 +0000] "POST /login HTTP/1.1" 200 65
::1 - - [25/Oct/2018:10:46:56 +0000] "POST /login HTTP/1.1" 200 65
::1 - - [25/Oct/2018:10:48:14 +0000] "POST /signup HTTP/1.1" 200 62
::1 - - [25/Oct/2018:10:48:33 +0000] "POST /signup HTTP/1.1" 200 123
::1 - - [25/Oct/2018:10:48:47 +0000] "POST /login HTTP/1.1" 200 70
::1 - - [25/Oct/2018:10:49:11 +0000] "POST /login HTTP/1.1" 200 288
::1 - - [25/Oct/2018:10:49:39 +0000] "POST /getTicket HTTP/1.1" 200 50
::1 - - [25/Oct/2018:10:50:56 +0000] "POST /getTicket HTTP/1.1" 200 70
::1 - - [25/Oct/2018:10:51:10 +0000] "POST /getTicket HTTP/1.1" 200 50
::1 - - [25/Oct/2018:10:51:24 +0000] "POST /getTicket HTTP/1.1" 200 50
::1 - - [25/Oct/2018:10:52:21 +0000] "POST /getTicket HTTP/1.1" - -
::1 - - [25/Oct/2018:10:52:24 +0000] "POST /getTicket HTTP/1.1" 200 387
::1 - - [25/Oct/2018:10:52:54 +0000] "POST /getTicket HTTP/1.1" 200 50
::1 - - [25/Oct/2018:10:53:14 +0000] "POST /getTicket HTTP/1.1" 200 387
::1 - - [25/Oct/2018:10:55:40 +0000] "POST /getTicket HTTP/1.1" 200 387
::1 - - [25/Oct/2018:10:56:03 +0000] "POST /getTicket HTTP/1.1" 200 54
::1 - - [25/Oct/2018:10:56:11 +0000] "POST /getTicket HTTP/1.1" 200 387
